<?xml version="1.0" encoding="UTF-8"?>
<robot generator="Robot 3.1.2 (Python 3.8.2 on win32)" generated="20200402 22:10:12.056" rpa="false">
<suite id="s1" name="Front Office.test" source="D:\Learning\RobotFramework\Projects\RobotFrameworkEssentials\tests\RobotFrameworkTutorial\Front_Office.test.robot">
<test id="s1-t1" name="Should be able to access &quot;Team&quot; page">
<kw name="Begin Web Test" library="Common.Web" type="setup">
<kw name="Open Browser" library="SeleniumLibrary">
<doc>Opens a new browser instance to the optional ``url``.</doc>
<arguments>
<arg>about:blank</arg>
<arg>${BROWSER}</arg>
</arguments>
<msg timestamp="20200402 22:10:12.667" level="INFO">Opening browser 'chrome' to base url 'about:blank'.</msg>
<status status="PASS" starttime="20200402 22:10:12.666" endtime="20200402 22:10:15.285"></status>
</kw>
<kw name="Maximize Browser Window" library="SeleniumLibrary">
<doc>Maximizes current browser window.</doc>
<status status="PASS" starttime="20200402 22:10:15.285" endtime="20200402 22:10:16.432"></status>
</kw>
<status status="PASS" starttime="20200402 22:10:12.666" endtime="20200402 22:10:16.433"></status>
</kw>
<kw name="Log" library="BuiltIn">
<doc>Logs the given message with the given level.</doc>
<arguments>
<arg>Executing test 1</arg>
</arguments>
<msg timestamp="20200402 22:10:16.435" level="INFO">Executing test 1</msg>
<status status="PASS" starttime="20200402 22:10:16.435" endtime="20200402 22:10:16.435"></status>
</kw>
<kw name="Sleep" library="BuiltIn">
<doc>Pauses the test executed for the given time.</doc>
<arguments>
<arg>2s</arg>
</arguments>
<msg timestamp="20200402 22:10:18.439" level="INFO">Slept 2 seconds</msg>
<status status="PASS" starttime="20200402 22:10:16.437" endtime="20200402 22:10:18.440"></status>
</kw>
<kw name="End Web Test" library="Common.Web" type="teardown">
<kw name="Close All Browsers" library="SeleniumLibrary">
<doc>Closes all open browsers and resets the browser cache.</doc>
<status status="PASS" starttime="20200402 22:10:18.443" endtime="20200402 22:10:20.810"></status>
</kw>
<status status="PASS" starttime="20200402 22:10:18.441" endtime="20200402 22:10:20.811"></status>
</kw>
<doc>This is test 1 for "Team" page</doc>
<tags>
<tag>test1</tag>
</tags>
<status status="PASS" starttime="20200402 22:10:12.664" endtime="20200402 22:10:20.812" critical="yes"></status>
</test>
<test id="s1-t2" name="&quot;Team&quot; page should match requirements">
<kw name="Begin Web Test" library="Common.Web" type="setup">
<kw name="Open Browser" library="SeleniumLibrary">
<doc>Opens a new browser instance to the optional ``url``.</doc>
<arguments>
<arg>about:blank</arg>
<arg>${BROWSER}</arg>
</arguments>
<msg timestamp="20200402 22:10:20.823" level="INFO">Opening browser 'chrome' to base url 'about:blank'.</msg>
<status status="PASS" starttime="20200402 22:10:20.822" endtime="20200402 22:10:23.857"></status>
</kw>
<kw name="Maximize Browser Window" library="SeleniumLibrary">
<doc>Maximizes current browser window.</doc>
<status status="PASS" starttime="20200402 22:10:23.857" endtime="20200402 22:10:25.016"></status>
</kw>
<status status="PASS" starttime="20200402 22:10:20.820" endtime="20200402 22:10:25.017"></status>
</kw>
<kw name="Log" library="BuiltIn">
<doc>Logs the given message with the given level.</doc>
<arguments>
<arg>Executing test 2</arg>
</arguments>
<msg timestamp="20200402 22:10:25.019" level="INFO">Executing test 2</msg>
<status status="PASS" starttime="20200402 22:10:25.018" endtime="20200402 22:10:25.019"></status>
</kw>
<kw name="Sleep" library="BuiltIn">
<doc>Pauses the test executed for the given time.</doc>
<arguments>
<arg>2s</arg>
</arguments>
<msg timestamp="20200402 22:10:27.022" level="INFO">Slept 2 seconds</msg>
<status status="PASS" starttime="20200402 22:10:25.020" endtime="20200402 22:10:27.022"></status>
</kw>
<kw name="End Web Test" library="Common.Web" type="teardown">
<kw name="Close All Browsers" library="SeleniumLibrary">
<doc>Closes all open browsers and resets the browser cache.</doc>
<status status="PASS" starttime="20200402 22:10:27.026" endtime="20200402 22:10:29.458"></status>
</kw>
<status status="PASS" starttime="20200402 22:10:27.024" endtime="20200402 22:10:29.459"></status>
</kw>
<doc>This is test 2 for "Team" page</doc>
<tags>
<tag>test2</tag>
</tags>
<status status="PASS" starttime="20200402 22:10:20.817" endtime="20200402 22:10:29.460" critical="yes"></status>
</test>
<doc>Tests practicing on RobotframeworkTutorial.Org/Front-Office</doc>
<status status="PASS" starttime="20200402 22:10:12.060" endtime="20200402 22:10:29.467"></status>
</suite>
<statistics>
<total>
<stat pass="2" fail="0">Critical Tests</stat>
<stat pass="2" fail="0">All Tests</stat>
</total>
<tag>
<stat pass="1" fail="0">test1</stat>
<stat pass="1" fail="0">test2</stat>
</tag>
<suite>
<stat pass="2" fail="0" id="s1" name="Front Office.test">Front Office.test</stat>
</suite>
</statistics>
<errors>
</errors>
</robot>
