<?xml version="1.0" encoding="UTF-8"?>
<robot generator="Robot 3.1.2 (Python 3.8.2 on win32)" generated="20200403 00:11:52.255" rpa="false">
<suite id="s1" name="Front Office.test" source="D:\Learning\RobotFramework\Projects\RobotFrameworkEssentials\tests\RobotFrameworkTutorial\Front_Office.test.robot">
<test id="s1-t1" name="Should be able to access &quot;Team&quot; page">
<kw name="Begin Web Test" library="Common.Web" type="setup">
<kw name="Open Browser" library="SeleniumLibrary">
<doc>Opens a new browser instance to the optional ``url``.</doc>
<arguments>
<arg>about:blank</arg>
<arg>${BROWSER}</arg>
</arguments>
<msg timestamp="20200403 00:11:52.435" level="INFO">Opening browser 'chrome' to base url 'about:blank'.</msg>
<status status="PASS" starttime="20200403 00:11:52.435" endtime="20200403 00:11:54.691"></status>
</kw>
<kw name="Maximize Browser Window" library="SeleniumLibrary">
<doc>Maximizes current browser window.</doc>
<status status="PASS" starttime="20200403 00:11:54.691" endtime="20200403 00:11:55.815"></status>
</kw>
<status status="PASS" starttime="20200403 00:11:52.434" endtime="20200403 00:11:55.815"></status>
</kw>
<kw name="Go to Landing Page" library="FrontOfficeApp">
<kw name="Navigate To" library="LandingPage">
<kw name="Go To" library="SeleniumLibrary">
<doc>Navigates the current browser window to the provided ``url``.</doc>
<arguments>
<arg>${URL}</arg>
</arguments>
<msg timestamp="20200403 00:11:55.816" level="INFO">Opening url 'http://www.robotframeworktutorial.com/front-office/'</msg>
<status status="PASS" starttime="20200403 00:11:55.816" endtime="20200403 00:11:59.300"></status>
</kw>
<status status="PASS" starttime="20200403 00:11:55.816" endtime="20200403 00:11:59.300"></status>
</kw>
<kw name="Verify Page Loaded" library="LandingPage">
<kw name="Wait Until Page Contains Element" library="SeleniumLibrary">
<doc>Waits until the element ``locator`` appears on the current page.</doc>
<arguments>
<arg>${LANDING_NAVIGATION_ELEMENT}</arg>
</arguments>
<status status="PASS" starttime="20200403 00:11:59.301" endtime="20200403 00:11:59.312"></status>
</kw>
<status status="PASS" starttime="20200403 00:11:59.300" endtime="20200403 00:11:59.313"></status>
</kw>
<status status="PASS" starttime="20200403 00:11:55.815" endtime="20200403 00:11:59.313"></status>
</kw>
<kw name="Go to &quot;Team&quot; Page" library="FrontOfficeApp">
<kw name="Select &quot;Team&quot; Page" library="TopNav">
<kw name="Click Element" library="SeleniumLibrary">
<doc>Click the element identified by ``locator``.</doc>
<arguments>
<arg>${TOPNAV_TEAM_LINK}</arg>
</arguments>
<msg timestamp="20200403 00:11:59.314" level="INFO">Clicking element 'xpath=//a[text()='Team']'.</msg>
<status status="PASS" starttime="20200403 00:11:59.313" endtime="20200403 00:11:59.363"></status>
</kw>
<kw name="Sleep" library="BuiltIn">
<doc>Pauses the test executed for the given time.</doc>
<arguments>
<arg>3s</arg>
</arguments>
<msg timestamp="20200403 00:12:02.364" level="INFO">Slept 3 seconds</msg>
<status status="PASS" starttime="20200403 00:11:59.363" endtime="20200403 00:12:02.364"></status>
</kw>
<status status="PASS" starttime="20200403 00:11:59.313" endtime="20200403 00:12:02.364"></status>
</kw>
<kw name="Verify Page Loaded" library="Team">
<kw name="Wait Until Page Contains Element" library="SeleniumLibrary">
<doc>Waits until the element ``locator`` appears on the current page.</doc>
<arguments>
<arg>${TEAM_HEADER_LABEL}</arg>
</arguments>
<status status="PASS" starttime="20200403 00:12:02.366" endtime="20200403 00:12:02.378"></status>
</kw>
<status status="PASS" starttime="20200403 00:12:02.365" endtime="20200403 00:12:02.378"></status>
</kw>
<status status="PASS" starttime="20200403 00:11:59.313" endtime="20200403 00:12:02.378"></status>
</kw>
<kw name="End Web Test" library="Common.Web" type="teardown">
<kw name="Close All Browsers" library="SeleniumLibrary">
<doc>Closes all open browsers and resets the browser cache.</doc>
<status status="PASS" starttime="20200403 00:12:02.379" endtime="20200403 00:12:04.589"></status>
</kw>
<status status="PASS" starttime="20200403 00:12:02.379" endtime="20200403 00:12:04.590"></status>
</kw>
<doc>This is test 1 for "Team" page</doc>
<tags>
<tag>test1</tag>
</tags>
<status status="PASS" starttime="20200403 00:11:52.434" endtime="20200403 00:12:04.591" critical="yes"></status>
</test>
<test id="s1-t2" name="&quot;Team&quot; page should match requirements">
<kw name="Begin Web Test" library="Common.Web" type="setup">
<kw name="Open Browser" library="SeleniumLibrary">
<doc>Opens a new browser instance to the optional ``url``.</doc>
<arguments>
<arg>about:blank</arg>
<arg>${BROWSER}</arg>
</arguments>
<msg timestamp="20200403 00:12:04.605" level="INFO">Opening browser 'chrome' to base url 'about:blank'.</msg>
<status status="PASS" starttime="20200403 00:12:04.605" endtime="20200403 00:12:06.735"></status>
</kw>
<kw name="Maximize Browser Window" library="SeleniumLibrary">
<doc>Maximizes current browser window.</doc>
<status status="PASS" starttime="20200403 00:12:06.735" endtime="20200403 00:12:07.858"></status>
</kw>
<status status="PASS" starttime="20200403 00:12:04.605" endtime="20200403 00:12:07.858"></status>
</kw>
<kw name="Go to Landing Page" library="FrontOfficeApp">
<kw name="Navigate To" library="LandingPage">
<kw name="Go To" library="SeleniumLibrary">
<doc>Navigates the current browser window to the provided ``url``.</doc>
<arguments>
<arg>${URL}</arg>
</arguments>
<msg timestamp="20200403 00:12:07.861" level="INFO">Opening url 'http://www.robotframeworktutorial.com/front-office/'</msg>
<status status="PASS" starttime="20200403 00:12:07.861" endtime="20200403 00:12:11.353"></status>
</kw>
<status status="PASS" starttime="20200403 00:12:07.861" endtime="20200403 00:12:11.353"></status>
</kw>
<kw name="Verify Page Loaded" library="LandingPage">
<kw name="Wait Until Page Contains Element" library="SeleniumLibrary">
<doc>Waits until the element ``locator`` appears on the current page.</doc>
<arguments>
<arg>${LANDING_NAVIGATION_ELEMENT}</arg>
</arguments>
<status status="PASS" starttime="20200403 00:12:11.354" endtime="20200403 00:12:11.374"></status>
</kw>
<status status="PASS" starttime="20200403 00:12:11.353" endtime="20200403 00:12:11.374"></status>
</kw>
<status status="PASS" starttime="20200403 00:12:07.859" endtime="20200403 00:12:11.374"></status>
</kw>
<kw name="Go to &quot;Team&quot; Page" library="FrontOfficeApp">
<kw name="Select &quot;Team&quot; Page" library="TopNav">
<kw name="Click Element" library="SeleniumLibrary">
<doc>Click the element identified by ``locator``.</doc>
<arguments>
<arg>${TOPNAV_TEAM_LINK}</arg>
</arguments>
<msg timestamp="20200403 00:12:11.375" level="INFO">Clicking element 'xpath=//a[text()='Team']'.</msg>
<status status="PASS" starttime="20200403 00:12:11.375" endtime="20200403 00:12:11.459"></status>
</kw>
<kw name="Sleep" library="BuiltIn">
<doc>Pauses the test executed for the given time.</doc>
<arguments>
<arg>3s</arg>
</arguments>
<msg timestamp="20200403 00:12:14.461" level="INFO">Slept 3 seconds</msg>
<status status="PASS" starttime="20200403 00:12:11.459" endtime="20200403 00:12:14.461"></status>
</kw>
<status status="PASS" starttime="20200403 00:12:11.375" endtime="20200403 00:12:14.462"></status>
</kw>
<kw name="Verify Page Loaded" library="Team">
<kw name="Wait Until Page Contains Element" library="SeleniumLibrary">
<doc>Waits until the element ``locator`` appears on the current page.</doc>
<arguments>
<arg>${TEAM_HEADER_LABEL}</arg>
</arguments>
<status status="PASS" starttime="20200403 00:12:14.463" endtime="20200403 00:12:14.487"></status>
</kw>
<status status="PASS" starttime="20200403 00:12:14.462" endtime="20200403 00:12:14.487"></status>
</kw>
<status status="PASS" starttime="20200403 00:12:11.374" endtime="20200403 00:12:14.487"></status>
</kw>
<kw name="Validate &quot;Team&quot; Page" library="FrontOfficeApp">
<kw name="Validate Page Contents" library="Team">
<kw name="Get Text" library="SeleniumLibrary">
<doc>Returns the text value of the element identified by ``locator``.</doc>
<arguments>
<arg>${TEAM_HEADER_LABEL}</arg>
</arguments>
<assign>
<var>${element_text}</var>
</assign>
<msg timestamp="20200403 00:12:14.505" level="INFO">${element_text} = OUR AMAZING TEAM</msg>
<status status="PASS" starttime="20200403 00:12:14.488" endtime="20200403 00:12:14.505"></status>
</kw>
<kw name="Should Be Equal As Strings" library="BuiltIn">
<doc>Fails if objects are unequal after converting them to strings.</doc>
<arguments>
<arg>${element_text}</arg>
<arg>Our Amazing Team</arg>
<arg>ignore_case=true</arg>
</arguments>
<status status="PASS" starttime="20200403 00:12:14.506" endtime="20200403 00:12:14.506"></status>
</kw>
<status status="PASS" starttime="20200403 00:12:14.488" endtime="20200403 00:12:14.506"></status>
</kw>
<status status="PASS" starttime="20200403 00:12:14.487" endtime="20200403 00:12:14.506"></status>
</kw>
<kw name="End Web Test" library="Common.Web" type="teardown">
<kw name="Close All Browsers" library="SeleniumLibrary">
<doc>Closes all open browsers and resets the browser cache.</doc>
<status status="PASS" starttime="20200403 00:12:14.507" endtime="20200403 00:12:16.621"></status>
</kw>
<status status="PASS" starttime="20200403 00:12:14.507" endtime="20200403 00:12:16.622"></status>
</kw>
<doc>This is test 2 for "Team" page</doc>
<tags>
<tag>test2</tag>
</tags>
<status status="PASS" starttime="20200403 00:12:04.597" endtime="20200403 00:12:16.622" critical="yes"></status>
</test>
<doc>Tests practicing on RobotframeworkTutorial.Org/Front-Office</doc>
<status status="PASS" starttime="20200403 00:11:52.256" endtime="20200403 00:12:16.624"></status>
</suite>
<statistics>
<total>
<stat pass="2" fail="0">Critical Tests</stat>
<stat pass="2" fail="0">All Tests</stat>
</total>
<tag>
<stat pass="1" fail="0">test1</stat>
<stat pass="1" fail="0">test2</stat>
</tag>
<suite>
<stat pass="2" fail="0" id="s1" name="Front Office.test">Front Office.test</stat>
</suite>
</statistics>
<errors>
</errors>
</robot>
