<?xml version="1.0" encoding="UTF-8"?>
<robot generator="Robot 3.1.2 (Python 3.8.2 on win32)" generated="20200403 10:50:44.168" rpa="false">
<suite id="s1" name="Os.Test" source="D:\Learning\RobotFramework\Projects\RobotFrameworkEssentials\tests\RobotFrameworkTutorial\os.test.robot">
<test id="s1-t1" name="Create some Directories">
<kw name="Create the Base Directory" library="os">
<kw name="Create Directory" library="OperatingSystem">
<doc>Creates the specified directory.</doc>
<arguments>
<arg>${output_directory}</arg>
</arguments>
<msg timestamp="20200403 10:50:44.201" level="INFO" html="yes">Directory '&lt;a href="file://D:\Learning\RobotFramework\Projects\RobotFrameworkEssentials\Outputs"&gt;D:\Learning\RobotFramework\Projects\RobotFrameworkEssentials\Outputs&lt;/a&gt;' already exists.</msg>
<status status="PASS" starttime="20200403 10:50:44.201" endtime="20200403 10:50:44.202"></status>
</kw>
<kw name="Should Exist" library="OperatingSystem">
<doc>Fails unless the given path (file or directory) exists.</doc>
<arguments>
<arg>${output_directory}</arg>
</arguments>
<msg timestamp="20200403 10:50:44.202" level="INFO" html="yes">Path '&lt;a href="file://D:\Learning\RobotFramework\Projects\RobotFrameworkEssentials\Outputs"&gt;D:\Learning\RobotFramework\Projects\RobotFrameworkEssentials\Outputs&lt;/a&gt;' exists.</msg>
<status status="PASS" starttime="20200403 10:50:44.202" endtime="20200403 10:50:44.202"></status>
</kw>
<status status="PASS" starttime="20200403 10:50:44.201" endtime="20200403 10:50:44.202"></status>
</kw>
<kw name="Create Directory 1" library="os">
<kw name="Join Path" library="OperatingSystem">
<doc>Joins the given path part(s) to the given base path.</doc>
<arguments>
<arg>${output_directory}</arg>
<arg>${directory_1}</arg>
</arguments>
<assign>
<var>${directory_path}</var>
</assign>
<msg timestamp="20200403 10:50:44.202" level="INFO">${directory_path} = Outputs\first directory</msg>
<status status="PASS" starttime="20200403 10:50:44.202" endtime="20200403 10:50:44.203"></status>
</kw>
<kw name="Create Directory" library="OperatingSystem">
<doc>Creates the specified directory.</doc>
<arguments>
<arg>${directory_path}</arg>
</arguments>
<msg timestamp="20200403 10:50:44.203" level="INFO" html="yes">Directory '&lt;a href="file://D:\Learning\RobotFramework\Projects\RobotFrameworkEssentials\Outputs\first directory"&gt;D:\Learning\RobotFramework\Projects\RobotFrameworkEssentials\Outputs\first directory&lt;/a&gt;' already exists.</msg>
<status status="PASS" starttime="20200403 10:50:44.203" endtime="20200403 10:50:44.203"></status>
</kw>
<kw name="Should Exist" library="OperatingSystem">
<doc>Fails unless the given path (file or directory) exists.</doc>
<arguments>
<arg>${directory_path}</arg>
</arguments>
<msg timestamp="20200403 10:50:44.203" level="INFO" html="yes">Path '&lt;a href="file://D:\Learning\RobotFramework\Projects\RobotFrameworkEssentials\Outputs\first directory"&gt;D:\Learning\RobotFramework\Projects\RobotFrameworkEssentials\Outputs\first directory&lt;/a&gt;' exists.</msg>
<status status="PASS" starttime="20200403 10:50:44.203" endtime="20200403 10:50:44.203"></status>
</kw>
<status status="PASS" starttime="20200403 10:50:44.202" endtime="20200403 10:50:44.203"></status>
</kw>
<kw name="Create Directory 2" library="os">
<kw name="Join Path" library="OperatingSystem">
<doc>Joins the given path part(s) to the given base path.</doc>
<arguments>
<arg>${output_directory}</arg>
<arg>${directory_2}</arg>
</arguments>
<assign>
<var>${directory_path}</var>
</assign>
<msg timestamp="20200403 10:50:44.204" level="INFO">${directory_path} = Outputs\second directory</msg>
<status status="PASS" starttime="20200403 10:50:44.204" endtime="20200403 10:50:44.204"></status>
</kw>
<kw name="Create Directory" library="OperatingSystem">
<doc>Creates the specified directory.</doc>
<arguments>
<arg>${directory_path}</arg>
</arguments>
<msg timestamp="20200403 10:50:44.205" level="INFO" html="yes">Directory '&lt;a href="file://D:\Learning\RobotFramework\Projects\RobotFrameworkEssentials\Outputs\second directory"&gt;D:\Learning\RobotFramework\Projects\RobotFrameworkEssentials\Outputs\second directory&lt;/a&gt;' already exists.</msg>
<status status="PASS" starttime="20200403 10:50:44.204" endtime="20200403 10:50:44.205"></status>
</kw>
<kw name="Should Exist" library="OperatingSystem">
<doc>Fails unless the given path (file or directory) exists.</doc>
<arguments>
<arg>${directory_path}</arg>
</arguments>
<msg timestamp="20200403 10:50:44.205" level="INFO" html="yes">Path '&lt;a href="file://D:\Learning\RobotFramework\Projects\RobotFrameworkEssentials\Outputs\second directory"&gt;D:\Learning\RobotFramework\Projects\RobotFrameworkEssentials\Outputs\second directory&lt;/a&gt;' exists.</msg>
<status status="PASS" starttime="20200403 10:50:44.205" endtime="20200403 10:50:44.205"></status>
</kw>
<status status="PASS" starttime="20200403 10:50:44.204" endtime="20200403 10:50:44.205"></status>
</kw>
<tags>
<tag>OperatingSystem</tag>
</tags>
<status status="PASS" starttime="20200403 10:50:44.201" endtime="20200403 10:50:44.206" critical="yes"></status>
</test>
<test id="s1-t2" name="Create some files">
<kw name="Create the first file" library="os">
<kw name="Join Path" library="OperatingSystem">
<doc>Joins the given path part(s) to the given base path.</doc>
<arguments>
<arg>${output_directory}</arg>
<arg>${directory_1}</arg>
<arg>${file_1}</arg>
</arguments>
<assign>
<var>${file_path}</var>
</assign>
<msg timestamp="20200403 10:50:44.207" level="INFO">${file_path} = Outputs\first directory\first file.txt</msg>
<status status="PASS" starttime="20200403 10:50:44.207" endtime="20200403 10:50:44.207"></status>
</kw>
<kw name="Create File" library="OperatingSystem">
<doc>Creates a file with the given content and encoding.</doc>
<arguments>
<arg>${file_path}</arg>
<arg>This is some text in the file one!</arg>
</arguments>
<msg timestamp="20200403 10:50:44.208" level="INFO" html="yes">Created file '&lt;a href="file://D:\Learning\RobotFramework\Projects\RobotFrameworkEssentials\Outputs\first directory\first file.txt"&gt;D:\Learning\RobotFramework\Projects\RobotFrameworkEssentials\Outputs\first directory\first file.txt&lt;/a&gt;'.</msg>
<status status="PASS" starttime="20200403 10:50:44.207" endtime="20200403 10:50:44.208"></status>
</kw>
<kw name="Should Exist" library="OperatingSystem">
<doc>Fails unless the given path (file or directory) exists.</doc>
<arguments>
<arg>${file_path}</arg>
</arguments>
<msg timestamp="20200403 10:50:44.208" level="INFO" html="yes">Path '&lt;a href="file://D:\Learning\RobotFramework\Projects\RobotFrameworkEssentials\Outputs\first directory\first file.txt"&gt;D:\Learning\RobotFramework\Projects\RobotFrameworkEssentials\Outputs\first directory\first file.txt&lt;/a&gt;' exists.</msg>
<status status="PASS" starttime="20200403 10:50:44.208" endtime="20200403 10:50:44.208"></status>
</kw>
<status status="PASS" starttime="20200403 10:50:44.206" endtime="20200403 10:50:44.208"></status>
</kw>
<kw name="Create the second file" library="os">
<kw name="Join Path" library="OperatingSystem">
<doc>Joins the given path part(s) to the given base path.</doc>
<arguments>
<arg>${output_directory}</arg>
<arg>${directory_2}</arg>
<arg>${file_2}</arg>
</arguments>
<assign>
<var>${file_path}</var>
</assign>
<msg timestamp="20200403 10:50:44.210" level="INFO">${file_path} = Outputs\second directory\second file.txt</msg>
<status status="PASS" starttime="20200403 10:50:44.209" endtime="20200403 10:50:44.210"></status>
</kw>
<kw name="Create File" library="OperatingSystem">
<doc>Creates a file with the given content and encoding.</doc>
<arguments>
<arg>${file_path}</arg>
<arg>This is some text in the file two!</arg>
</arguments>
<msg timestamp="20200403 10:50:44.211" level="INFO" html="yes">Created file '&lt;a href="file://D:\Learning\RobotFramework\Projects\RobotFrameworkEssentials\Outputs\second directory\second file.txt"&gt;D:\Learning\RobotFramework\Projects\RobotFrameworkEssentials\Outputs\second directory\second file.txt&lt;/a&gt;'.</msg>
<status status="PASS" starttime="20200403 10:50:44.210" endtime="20200403 10:50:44.212"></status>
</kw>
<kw name="Should Exist" library="OperatingSystem">
<doc>Fails unless the given path (file or directory) exists.</doc>
<arguments>
<arg>${file_path}</arg>
</arguments>
<msg timestamp="20200403 10:50:44.212" level="INFO" html="yes">Path '&lt;a href="file://D:\Learning\RobotFramework\Projects\RobotFrameworkEssentials\Outputs\second directory\second file.txt"&gt;D:\Learning\RobotFramework\Projects\RobotFrameworkEssentials\Outputs\second directory\second file.txt&lt;/a&gt;' exists.</msg>
<status status="PASS" starttime="20200403 10:50:44.212" endtime="20200403 10:50:44.212"></status>
</kw>
<status status="PASS" starttime="20200403 10:50:44.209" endtime="20200403 10:50:44.212"></status>
</kw>
<kw name="Create the third file" library="os">
<kw name="Join Path" library="OperatingSystem">
<doc>Joins the given path part(s) to the given base path.</doc>
<arguments>
<arg>${output_directory}</arg>
<arg>${directory_2}</arg>
<arg>${file_3}</arg>
</arguments>
<assign>
<var>${file_path}</var>
</assign>
<msg timestamp="20200403 10:50:44.213" level="INFO">${file_path} = Outputs\second directory\third file.txt</msg>
<status status="PASS" starttime="20200403 10:50:44.213" endtime="20200403 10:50:44.213"></status>
</kw>
<kw name="Create File" library="OperatingSystem">
<doc>Creates a file with the given content and encoding.</doc>
<arguments>
<arg>${file_path}</arg>
<arg>This is some text in the file third!</arg>
</arguments>
<msg timestamp="20200403 10:50:44.214" level="INFO" html="yes">Created file '&lt;a href="file://D:\Learning\RobotFramework\Projects\RobotFrameworkEssentials\Outputs\second directory\third file.txt"&gt;D:\Learning\RobotFramework\Projects\RobotFrameworkEssentials\Outputs\second directory\third file.txt&lt;/a&gt;'.</msg>
<status status="PASS" starttime="20200403 10:50:44.213" endtime="20200403 10:50:44.214"></status>
</kw>
<kw name="Should Exist" library="OperatingSystem">
<doc>Fails unless the given path (file or directory) exists.</doc>
<arguments>
<arg>${file_path}</arg>
</arguments>
<msg timestamp="20200403 10:50:44.214" level="INFO" html="yes">Path '&lt;a href="file://D:\Learning\RobotFramework\Projects\RobotFrameworkEssentials\Outputs\second directory\third file.txt"&gt;D:\Learning\RobotFramework\Projects\RobotFrameworkEssentials\Outputs\second directory\third file.txt&lt;/a&gt;' exists.</msg>
<status status="PASS" starttime="20200403 10:50:44.214" endtime="20200403 10:50:44.214"></status>
</kw>
<status status="PASS" starttime="20200403 10:50:44.212" endtime="20200403 10:50:44.214"></status>
</kw>
<tags>
<tag>OperatingSystem</tag>
</tags>
<status status="PASS" starttime="20200403 10:50:44.206" endtime="20200403 10:50:44.214" critical="yes"></status>
</test>
<test id="s1-t3" name="Move a File">
<kw name="Move File 3 from Directory 2 to Directory 1" library="os">
<kw name="Join Path" library="OperatingSystem">
<doc>Joins the given path part(s) to the given base path.</doc>
<arguments>
<arg>${output_directory}</arg>
<arg>${directory_2}</arg>
<arg>${file_3}</arg>
</arguments>
<assign>
<var>${source_path}</var>
</assign>
<msg timestamp="20200403 10:50:44.216" level="INFO">${source_path} = Outputs\second directory\third file.txt</msg>
<status status="PASS" starttime="20200403 10:50:44.215" endtime="20200403 10:50:44.216"></status>
</kw>
<kw name="Join Path" library="OperatingSystem">
<doc>Joins the given path part(s) to the given base path.</doc>
<arguments>
<arg>${output_directory}</arg>
<arg>${directory_1}</arg>
<arg>${file_3}</arg>
</arguments>
<assign>
<var>${target_path}</var>
</assign>
<msg timestamp="20200403 10:50:44.216" level="INFO">${target_path} = Outputs\first directory\third file.txt</msg>
<status status="PASS" starttime="20200403 10:50:44.216" endtime="20200403 10:50:44.216"></status>
</kw>
<kw name="Move File" library="OperatingSystem">
<doc>Moves the source file into the destination.</doc>
<arguments>
<arg>${source_path}</arg>
<arg>${target_path}</arg>
</arguments>
<msg timestamp="20200403 10:50:44.217" level="INFO" html="yes">Moved file from '&lt;a href="file://D:\Learning\RobotFramework\Projects\RobotFrameworkEssentials\Outputs\second directory\third file.txt"&gt;D:\Learning\RobotFramework\Projects\RobotFrameworkEssentials\Outputs\second directory\third file.txt&lt;/a&gt;' to '&lt;a href="file://D:\Learning\RobotFramework\Projects\RobotFrameworkEssentials\Outputs\first directory\third file.txt"&gt;D:\Learning\RobotFramework\Projects\RobotFrameworkEssentials\Outputs\first directory\third file.txt&lt;/a&gt;'.</msg>
<status status="PASS" starttime="20200403 10:50:44.216" endtime="20200403 10:50:44.217"></status>
</kw>
<kw name="Should Exist" library="OperatingSystem">
<doc>Fails unless the given path (file or directory) exists.</doc>
<arguments>
<arg>${target_path}</arg>
</arguments>
<msg timestamp="20200403 10:50:44.217" level="INFO" html="yes">Path '&lt;a href="file://D:\Learning\RobotFramework\Projects\RobotFrameworkEssentials\Outputs\first directory\third file.txt"&gt;D:\Learning\RobotFramework\Projects\RobotFrameworkEssentials\Outputs\first directory\third file.txt&lt;/a&gt;' exists.</msg>
<status status="PASS" starttime="20200403 10:50:44.217" endtime="20200403 10:50:44.217"></status>
</kw>
<kw name="Should Not Exist" library="OperatingSystem">
<doc>Fails if the given path (file or directory) exists.</doc>
<arguments>
<arg>${source_path}</arg>
</arguments>
<msg timestamp="20200403 10:50:44.218" level="INFO" html="yes">Path '&lt;a href="file://D:\Learning\RobotFramework\Projects\RobotFrameworkEssentials\Outputs\second directory\third file.txt"&gt;D:\Learning\RobotFramework\Projects\RobotFrameworkEssentials\Outputs\second directory\third file.txt&lt;/a&gt;' does not exist.</msg>
<status status="PASS" starttime="20200403 10:50:44.217" endtime="20200403 10:50:44.218"></status>
</kw>
<status status="PASS" starttime="20200403 10:50:44.215" endtime="20200403 10:50:44.218"></status>
</kw>
<tags>
<tag>OperatingSystem</tag>
</tags>
<status status="PASS" starttime="20200403 10:50:44.215" endtime="20200403 10:50:44.218" critical="yes"></status>
</test>
<test id="s1-t4" name="Copy a File">
<kw name="Copy File 1 from Directory 1 to Directory 2" library="os">
<kw name="Join Path" library="OperatingSystem">
<doc>Joins the given path part(s) to the given base path.</doc>
<arguments>
<arg>${output_directory}</arg>
<arg>${directory_1}</arg>
<arg>${file_1}</arg>
</arguments>
<assign>
<var>${source_path}</var>
</assign>
<msg timestamp="20200403 10:50:44.219" level="INFO">${source_path} = Outputs\first directory\first file.txt</msg>
<status status="PASS" starttime="20200403 10:50:44.219" endtime="20200403 10:50:44.219"></status>
</kw>
<kw name="Join Path" library="OperatingSystem">
<doc>Joins the given path part(s) to the given base path.</doc>
<arguments>
<arg>${output_directory}</arg>
<arg>${directory_2}</arg>
<arg>${file_1}</arg>
</arguments>
<assign>
<var>${target_path}</var>
</assign>
<msg timestamp="20200403 10:50:44.220" level="INFO">${target_path} = Outputs\second directory\first file.txt</msg>
<status status="PASS" starttime="20200403 10:50:44.219" endtime="20200403 10:50:44.220"></status>
</kw>
<kw name="Copy File" library="OperatingSystem">
<doc>Copies the source file into the destination.</doc>
<arguments>
<arg>${source_path}</arg>
<arg>${target_path}</arg>
</arguments>
<msg timestamp="20200403 10:50:44.251" level="INFO" html="yes">Copied file from '&lt;a href="file://D:\Learning\RobotFramework\Projects\RobotFrameworkEssentials\Outputs\first directory\first file.txt"&gt;D:\Learning\RobotFramework\Projects\RobotFrameworkEssentials\Outputs\first directory\first file.txt&lt;/a&gt;' to '&lt;a href="file://D:\Learning\RobotFramework\Projects\RobotFrameworkEssentials\Outputs\second directory\first file.txt"&gt;D:\Learning\RobotFramework\Projects\RobotFrameworkEssentials\Outputs\second directory\first file.txt&lt;/a&gt;'.</msg>
<status status="PASS" starttime="20200403 10:50:44.220" endtime="20200403 10:50:44.251"></status>
</kw>
<kw name="Should Exist" library="OperatingSystem">
<doc>Fails unless the given path (file or directory) exists.</doc>
<arguments>
<arg>${target_path}</arg>
</arguments>
<msg timestamp="20200403 10:50:44.252" level="INFO" html="yes">Path '&lt;a href="file://D:\Learning\RobotFramework\Projects\RobotFrameworkEssentials\Outputs\second directory\first file.txt"&gt;D:\Learning\RobotFramework\Projects\RobotFrameworkEssentials\Outputs\second directory\first file.txt&lt;/a&gt;' exists.</msg>
<status status="PASS" starttime="20200403 10:50:44.251" endtime="20200403 10:50:44.252"></status>
</kw>
<kw name="Should Exist" library="OperatingSystem">
<doc>Fails unless the given path (file or directory) exists.</doc>
<arguments>
<arg>${source_path}</arg>
</arguments>
<msg timestamp="20200403 10:50:44.252" level="INFO" html="yes">Path '&lt;a href="file://D:\Learning\RobotFramework\Projects\RobotFrameworkEssentials\Outputs\first directory\first file.txt"&gt;D:\Learning\RobotFramework\Projects\RobotFrameworkEssentials\Outputs\first directory\first file.txt&lt;/a&gt;' exists.</msg>
<status status="PASS" starttime="20200403 10:50:44.252" endtime="20200403 10:50:44.252"></status>
</kw>
<status status="PASS" starttime="20200403 10:50:44.219" endtime="20200403 10:50:44.252"></status>
</kw>
<tags>
<tag>OperatingSystem</tag>
</tags>
<status status="PASS" starttime="20200403 10:50:44.219" endtime="20200403 10:50:44.253" critical="yes"></status>
</test>
<status status="PASS" starttime="20200403 10:50:44.170" endtime="20200403 10:50:44.254"></status>
</suite>
<statistics>
<total>
<stat pass="4" fail="0">Critical Tests</stat>
<stat pass="4" fail="0">All Tests</stat>
</total>
<tag>
<stat pass="4" fail="0">OperatingSystem</stat>
</tag>
<suite>
<stat pass="4" fail="0" id="s1" name="Os.Test">Os.Test</stat>
</suite>
</statistics>
<errors>
</errors>
</robot>
