<?xml version="1.0" encoding="UTF-8"?>
<robot generator="Robot 3.1.2 (Python 3.8.2 on win32)" generated="20200403 09:39:54.109" rpa="false">
<suite id="s1" name="Dialogs.test" source="D:\Learning\RobotFramework\Projects\RobotFrameworkEssentials\tests\AmazonExample\Dialogs.test.robot">
<kw name="Setup Suite" library="Common" type="setup">
<kw name="Log" library="BuiltIn">
<doc>Logs the given message with the given level.</doc>
<arguments>
<arg>Running Suite Setup</arg>
</arguments>
<msg timestamp="20200403 09:39:54.351" level="INFO">Running Suite Setup</msg>
<status status="PASS" starttime="20200403 09:39:54.351" endtime="20200403 09:39:54.351"></status>
</kw>
<status status="PASS" starttime="20200403 09:39:54.351" endtime="20200403 09:39:54.351"></status>
</kw>
<test id="s1-t1" name="Logged out user can search for Products">
<kw name="Begin Web Test" library="Common" type="setup">
<kw name="Open Browser" library="SeleniumLibrary">
<doc>Opens a new browser instance to the optional ``url``.</doc>
<arguments>
<arg>about:blank</arg>
<arg>${BROWSER}</arg>
</arguments>
<msg timestamp="20200403 09:39:54.352" level="INFO">Opening browser 'chrome' to base url 'about:blank'.</msg>
<status status="PASS" starttime="20200403 09:39:54.352" endtime="20200403 09:39:56.447"></status>
</kw>
<status status="PASS" starttime="20200403 09:39:54.352" endtime="20200403 09:39:56.447"></status>
</kw>
<kw name="Get Selection From User" library="Dialogs">
<doc>Pauses test execution and asks user to select a value.</doc>
<arguments>
<arg>Which Browser?</arg>
<arg>chrome</arg>
<arg>ie</arg>
<arg>firefox</arg>
</arguments>
<assign>
<var>${new_browser}</var>
</assign>
<msg timestamp="20200403 09:40:00.412" level="INFO">${new_browser} = chrome</msg>
<status status="PASS" starttime="20200403 09:39:56.448" endtime="20200403 09:40:00.412"></status>
</kw>
<kw name="Set Global Variable" library="BuiltIn">
<doc>Makes a variable available globally in all tests and suites.</doc>
<arguments>
<arg>${BROWSER}</arg>
<arg>${new_browser}</arg>
</arguments>
<msg timestamp="20200403 09:40:00.413" level="INFO">${BROWSER} = chrome</msg>
<status status="PASS" starttime="20200403 09:40:00.412" endtime="20200403 09:40:00.413"></status>
</kw>
<kw name="Search for Products" library="Amazon">
<kw name="Load" library="LandingPage">
<kw name="Go To" library="SeleniumLibrary">
<doc>Navigates the current browser window to the provided ``url``.</doc>
<arguments>
<arg>${START_URL}</arg>
</arguments>
<msg timestamp="20200403 09:40:00.414" level="INFO">Opening url 'http://www.amazon.com'</msg>
<status status="PASS" starttime="20200403 09:40:00.414" endtime="20200403 09:40:03.177"></status>
</kw>
<status status="PASS" starttime="20200403 09:40:00.414" endtime="20200403 09:40:03.177"></status>
</kw>
<kw name="Search for Products" library="TopNav">
<kw name="Enter Search Term" library="TopNav">
<kw name="Input Text" library="SeleniumLibrary">
<doc>Types the given ``text`` into the text field identified by ``locator``.</doc>
<arguments>
<arg>id=twotabsearchtextbox</arg>
<arg>${SEARCH_TERM}</arg>
</arguments>
<msg timestamp="20200403 09:40:03.178" level="INFO">Typing text 'Ferrari 458' into text field 'id=twotabsearchtextbox'.</msg>
<status status="PASS" starttime="20200403 09:40:03.178" endtime="20200403 09:40:03.519"></status>
</kw>
<status status="PASS" starttime="20200403 09:40:03.178" endtime="20200403 09:40:03.519"></status>
</kw>
<kw name="Submit Search" library="TopNav">
<kw name="Click Button" library="SeleniumLibrary">
<doc>Clicks the button identified by ``locator``.</doc>
<arguments>
<arg>xpath=//div[contains(@class,'nav-search-submit')]//input</arg>
</arguments>
<msg timestamp="20200403 09:40:03.519" level="INFO">Clicking button 'xpath=//div[contains(@class,'nav-search-submit')]//input'.</msg>
<status status="PASS" starttime="20200403 09:40:03.519" endtime="20200403 09:40:08.228"></status>
</kw>
<status status="PASS" starttime="20200403 09:40:03.519" endtime="20200403 09:40:08.229"></status>
</kw>
<status status="PASS" starttime="20200403 09:40:03.178" endtime="20200403 09:40:08.229"></status>
</kw>
<kw name="Verify Search Completed" library="SearchResults">
<kw name="Wait Until Page Contains" library="SeleniumLibrary">
<doc>Waits until ``text`` appears on the current page.</doc>
<arguments>
<arg>results for "${SEARCH_TERM}"</arg>
</arguments>
<status status="PASS" starttime="20200403 09:40:08.230" endtime="20200403 09:40:08.254"></status>
</kw>
<status status="PASS" starttime="20200403 09:40:08.229" endtime="20200403 09:40:08.254"></status>
</kw>
<status status="PASS" starttime="20200403 09:40:00.413" endtime="20200403 09:40:08.254"></status>
</kw>
<kw name="End Web Test" library="Common" type="teardown">
<kw name="Close Browser" library="SeleniumLibrary">
<doc>Closes the current browser.</doc>
<status status="PASS" starttime="20200403 09:40:08.254" endtime="20200403 09:40:10.490"></status>
</kw>
<status status="PASS" starttime="20200403 09:40:08.254" endtime="20200403 09:40:10.491"></status>
</kw>
<tags>
<tag>Web</tag>
</tags>
<status status="PASS" starttime="20200403 09:39:54.351" endtime="20200403 09:40:10.492" critical="yes"></status>
</test>
<test id="s1-t2" name="Logged out user can add product to Cart">
<kw name="Begin Web Test" library="Common" type="setup">
<kw name="Open Browser" library="SeleniumLibrary">
<doc>Opens a new browser instance to the optional ``url``.</doc>
<arguments>
<arg>about:blank</arg>
<arg>${BROWSER}</arg>
</arguments>
<msg timestamp="20200403 09:40:10.511" level="INFO">Opening browser 'chrome' to base url 'about:blank'.</msg>
<status status="PASS" starttime="20200403 09:40:10.511" endtime="20200403 09:40:12.606"></status>
</kw>
<status status="PASS" starttime="20200403 09:40:10.511" endtime="20200403 09:40:12.606"></status>
</kw>
<kw name="Search for Products" library="Amazon">
<kw name="Load" library="LandingPage">
<kw name="Go To" library="SeleniumLibrary">
<doc>Navigates the current browser window to the provided ``url``.</doc>
<arguments>
<arg>${START_URL}</arg>
</arguments>
<msg timestamp="20200403 09:40:12.609" level="INFO">Opening url 'http://www.amazon.com'</msg>
<status status="PASS" starttime="20200403 09:40:12.609" endtime="20200403 09:40:14.993"></status>
</kw>
<status status="PASS" starttime="20200403 09:40:12.608" endtime="20200403 09:40:14.993"></status>
</kw>
<kw name="Search for Products" library="TopNav">
<kw name="Enter Search Term" library="TopNav">
<kw name="Input Text" library="SeleniumLibrary">
<doc>Types the given ``text`` into the text field identified by ``locator``.</doc>
<arguments>
<arg>id=twotabsearchtextbox</arg>
<arg>${SEARCH_TERM}</arg>
</arguments>
<msg timestamp="20200403 09:40:14.995" level="INFO">Typing text 'Ferrari 458' into text field 'id=twotabsearchtextbox'.</msg>
<status status="PASS" starttime="20200403 09:40:14.994" endtime="20200403 09:40:15.428"></status>
</kw>
<status status="PASS" starttime="20200403 09:40:14.994" endtime="20200403 09:40:15.429"></status>
</kw>
<kw name="Submit Search" library="TopNav">
<kw name="Click Button" library="SeleniumLibrary">
<doc>Clicks the button identified by ``locator``.</doc>
<arguments>
<arg>xpath=//div[contains(@class,'nav-search-submit')]//input</arg>
</arguments>
<msg timestamp="20200403 09:40:15.429" level="INFO">Clicking button 'xpath=//div[contains(@class,'nav-search-submit')]//input'.</msg>
<status status="PASS" starttime="20200403 09:40:15.429" endtime="20200403 09:40:20.678"></status>
</kw>
<status status="PASS" starttime="20200403 09:40:15.429" endtime="20200403 09:40:20.678"></status>
</kw>
<status status="PASS" starttime="20200403 09:40:14.993" endtime="20200403 09:40:20.678"></status>
</kw>
<kw name="Verify Search Completed" library="SearchResults">
<kw name="Wait Until Page Contains" library="SeleniumLibrary">
<doc>Waits until ``text`` appears on the current page.</doc>
<arguments>
<arg>results for "${SEARCH_TERM}"</arg>
</arguments>
<status status="PASS" starttime="20200403 09:40:20.679" endtime="20200403 09:40:20.740"></status>
</kw>
<status status="PASS" starttime="20200403 09:40:20.679" endtime="20200403 09:40:20.740"></status>
</kw>
<status status="PASS" starttime="20200403 09:40:12.607" endtime="20200403 09:40:20.740"></status>
</kw>
<kw name="Execute Manual Step" library="Dialogs">
<doc>Pauses test execution until user sets the keyword status.</doc>
<arguments>
<arg>Do something manually!</arg>
<arg>It failed!</arg>
</arguments>
<msg timestamp="20200403 09:40:34.758" level="FAIL">It failed!</msg>
<status status="FAIL" starttime="20200403 09:40:20.740" endtime="20200403 09:40:34.759"></status>
</kw>
<kw name="End Web Test" library="Common" type="teardown">
<kw name="Close Browser" library="SeleniumLibrary">
<doc>Closes the current browser.</doc>
<status status="PASS" starttime="20200403 09:40:34.759" endtime="20200403 09:40:36.893"></status>
</kw>
<status status="PASS" starttime="20200403 09:40:34.759" endtime="20200403 09:40:36.894"></status>
</kw>
<tags>
<tag>Web</tag>
</tags>
<status status="FAIL" starttime="20200403 09:40:10.510" endtime="20200403 09:40:36.894" critical="yes">It failed!</status>
</test>
<kw name="Cleanup Suite" library="Common" type="teardown">
<kw name="Log" library="BuiltIn">
<doc>Logs the given message with the given level.</doc>
<arguments>
<arg>Running Suite Cleanup</arg>
</arguments>
<msg timestamp="20200403 09:40:36.905" level="INFO">Running Suite Cleanup</msg>
<status status="PASS" starttime="20200403 09:40:36.902" endtime="20200403 09:40:36.905"></status>
</kw>
<status status="PASS" starttime="20200403 09:40:36.901" endtime="20200403 09:40:36.905"></status>
</kw>
<doc>Present some information about this test suite</doc>
<status status="FAIL" starttime="20200403 09:39:54.110" endtime="20200403 09:40:36.905"></status>
</suite>
<statistics>
<total>
<stat pass="1" fail="1">Critical Tests</stat>
<stat pass="1" fail="1">All Tests</stat>
</total>
<tag>
<stat pass="1" fail="1">Web</stat>
</tag>
<suite>
<stat pass="1" fail="1" id="s1" name="Dialogs.test">Dialogs.test</stat>
</suite>
</statistics>
<errors>
</errors>
</robot>
