<?xml version="1.0" encoding="UTF-8"?>
<robot generator="Robot 3.1.2 (Python 3.8.2 on win32)" generated="20200402 20:08:08.980" rpa="false">
<suite id="s1" name="Amazontest" source="D:\Learning\RobotFramework\Projects\RobotFrameworkEssentials\tests\AmazonExample\amazontest.robot">
<kw name="Setup Suite" library="Common" type="setup">
<kw name="Log" library="BuiltIn">
<doc>Logs the given message with the given level.</doc>
<arguments>
<arg>Running Suite Setup</arg>
</arguments>
<msg timestamp="20200402 20:08:09.577" level="INFO">Running Suite Setup</msg>
<status status="PASS" starttime="20200402 20:08:09.576" endtime="20200402 20:08:09.577"></status>
</kw>
<status status="PASS" starttime="20200402 20:08:09.576" endtime="20200402 20:08:09.577"></status>
</kw>
<test id="s1-t1" name="Logged out user can search for products">
<kw name="Begin Web Test" library="Common" type="setup">
<kw name="Open Browser" library="SeleniumLibrary">
<doc>Opens a new browser instance to the optional ``url``.</doc>
<arguments>
<arg>about:blank</arg>
<arg>${BROWSER}</arg>
</arguments>
<msg timestamp="20200402 20:08:09.580" level="INFO">Opening browser 'firefox' to base url 'about:blank'.</msg>
<msg timestamp="20200402 20:08:09.592" level="INFO">Firefox driver log is always forced to to: D:\Learning\RobotFramework\Projects\RobotFrameworkEssentials\Results\amazon\geckodriver-1.log</msg>
<status status="PASS" starttime="20200402 20:08:09.579" endtime="20200402 20:08:16.235"></status>
</kw>
<status status="PASS" starttime="20200402 20:08:09.579" endtime="20200402 20:08:16.235"></status>
</kw>
<kw name="Search for Products" library="Amazon">
<kw name="Load" library="LandingPage">
<kw name="Go To" library="SeleniumLibrary">
<doc>Navigates the current browser window to the provided ``url``.</doc>
<arguments>
<arg>${START_URL}</arg>
</arguments>
<msg timestamp="20200402 20:08:16.239" level="INFO">Opening url 'https://www.amazon.com'</msg>
<status status="PASS" starttime="20200402 20:08:16.239" endtime="20200402 20:08:19.205"></status>
</kw>
<status status="PASS" starttime="20200402 20:08:16.237" endtime="20200402 20:08:19.206"></status>
</kw>
<kw name="Search for Products" library="TopNav">
<kw name="Enter Search Term" library="TopNav">
<kw name="Input Text" library="SeleniumLibrary">
<doc>Types the given ``text`` into the text field identified by ``locator``.</doc>
<arguments>
<arg>id=twotabsearchtextbox</arg>
<arg>${SEARCH_TERM}</arg>
</arguments>
<msg timestamp="20200402 20:08:19.213" level="INFO">Typing text 'Ferrari 458' into text field 'id=twotabsearchtextbox'.</msg>
<status status="PASS" starttime="20200402 20:08:19.212" endtime="20200402 20:08:19.471"></status>
</kw>
<status status="PASS" starttime="20200402 20:08:19.210" endtime="20200402 20:08:19.472"></status>
</kw>
<kw name="Submit Search" library="TopNav">
<kw name="Click Button" library="SeleniumLibrary">
<doc>Clicks the button identified by ``locator``.</doc>
<arguments>
<arg>xpath=//div[contains(@class,'nav-search-submit')]//input</arg>
</arguments>
<msg timestamp="20200402 20:08:19.477" level="INFO">Clicking button 'xpath=//div[contains(@class,'nav-search-submit')]//input'.</msg>
<status status="PASS" starttime="20200402 20:08:19.476" endtime="20200402 20:08:23.476"></status>
</kw>
<status status="PASS" starttime="20200402 20:08:19.473" endtime="20200402 20:08:23.476"></status>
</kw>
<status status="PASS" starttime="20200402 20:08:19.207" endtime="20200402 20:08:23.477"></status>
</kw>
<kw name="Verify Search Completed" library="SearchResults">
<kw name="Wait Until Page Contains" library="SeleniumLibrary">
<doc>Waits until ``text`` appears on the current page.</doc>
<arguments>
<arg>results for "${SEARCH_TERM}"</arg>
</arguments>
<status status="PASS" starttime="20200402 20:08:23.479" endtime="20200402 20:08:23.546"></status>
</kw>
<status status="PASS" starttime="20200402 20:08:23.478" endtime="20200402 20:08:23.547"></status>
</kw>
<status status="PASS" starttime="20200402 20:08:16.236" endtime="20200402 20:08:23.547"></status>
</kw>
<kw name="End Web Test" library="Common" type="teardown">
<kw name="Close Browser" library="SeleniumLibrary">
<doc>Closes the current browser.</doc>
<status status="PASS" starttime="20200402 20:08:23.548" endtime="20200402 20:08:25.624"></status>
</kw>
<status status="PASS" starttime="20200402 20:08:23.548" endtime="20200402 20:08:25.624"></status>
</kw>
<tags>
<tag>Smoke</tag>
</tags>
<status status="PASS" starttime="20200402 20:08:09.577" endtime="20200402 20:08:25.624" critical="yes"></status>
</test>
<test id="s1-t2" name="User must sign in to checkout">
<kw name="Begin Web Test" library="Common" type="setup">
<kw name="Open Browser" library="SeleniumLibrary">
<doc>Opens a new browser instance to the optional ``url``.</doc>
<arguments>
<arg>about:blank</arg>
<arg>${BROWSER}</arg>
</arguments>
<msg timestamp="20200402 20:08:25.628" level="INFO">Opening browser 'firefox' to base url 'about:blank'.</msg>
<msg timestamp="20200402 20:08:25.630" level="INFO">Firefox driver log is always forced to to: D:\Learning\RobotFramework\Projects\RobotFrameworkEssentials\Results\amazon\geckodriver-2.log</msg>
<status status="PASS" starttime="20200402 20:08:25.628" endtime="20200402 20:08:32.073"></status>
</kw>
<status status="PASS" starttime="20200402 20:08:25.628" endtime="20200402 20:08:32.074"></status>
</kw>
<kw name="Search for Products" library="Amazon">
<kw name="Load" library="LandingPage">
<kw name="Go To" library="SeleniumLibrary">
<doc>Navigates the current browser window to the provided ``url``.</doc>
<arguments>
<arg>${START_URL}</arg>
</arguments>
<msg timestamp="20200402 20:08:32.076" level="INFO">Opening url 'https://www.amazon.com'</msg>
<status status="PASS" starttime="20200402 20:08:32.075" endtime="20200402 20:08:34.219"></status>
</kw>
<status status="PASS" starttime="20200402 20:08:32.075" endtime="20200402 20:08:34.220"></status>
</kw>
<kw name="Search for Products" library="TopNav">
<kw name="Enter Search Term" library="TopNav">
<kw name="Input Text" library="SeleniumLibrary">
<doc>Types the given ``text`` into the text field identified by ``locator``.</doc>
<arguments>
<arg>id=twotabsearchtextbox</arg>
<arg>${SEARCH_TERM}</arg>
</arguments>
<msg timestamp="20200402 20:08:34.225" level="INFO">Typing text 'Ferrari 458' into text field 'id=twotabsearchtextbox'.</msg>
<status status="PASS" starttime="20200402 20:08:34.224" endtime="20200402 20:08:34.381"></status>
</kw>
<status status="PASS" starttime="20200402 20:08:34.222" endtime="20200402 20:08:34.381"></status>
</kw>
<kw name="Submit Search" library="TopNav">
<kw name="Click Button" library="SeleniumLibrary">
<doc>Clicks the button identified by ``locator``.</doc>
<arguments>
<arg>xpath=//div[contains(@class,'nav-search-submit')]//input</arg>
</arguments>
<msg timestamp="20200402 20:08:34.382" level="INFO">Clicking button 'xpath=//div[contains(@class,'nav-search-submit')]//input'.</msg>
<status status="PASS" starttime="20200402 20:08:34.382" endtime="20200402 20:08:39.219"></status>
</kw>
<status status="PASS" starttime="20200402 20:08:34.381" endtime="20200402 20:08:39.220"></status>
</kw>
<status status="PASS" starttime="20200402 20:08:34.221" endtime="20200402 20:08:39.220"></status>
</kw>
<kw name="Verify Search Completed" library="SearchResults">
<kw name="Wait Until Page Contains" library="SeleniumLibrary">
<doc>Waits until ``text`` appears on the current page.</doc>
<arguments>
<arg>results for "${SEARCH_TERM}"</arg>
</arguments>
<status status="PASS" starttime="20200402 20:08:39.222" endtime="20200402 20:08:39.326"></status>
</kw>
<status status="PASS" starttime="20200402 20:08:39.221" endtime="20200402 20:08:39.327"></status>
</kw>
<status status="PASS" starttime="20200402 20:08:32.074" endtime="20200402 20:08:39.327"></status>
</kw>
<kw name="Select Product from Search Results" library="Amazon">
<kw name="Click Product Link" library="SearchResults">
<doc>Clicks on first product in search list</doc>
<kw name="Click Link" library="SeleniumLibrary">
<doc>Clicks a link identified by ``locator``.</doc>
<arguments>
<arg>xpath=(//div[contains(@class,'s-result-list')]/div//h2/a)[1]</arg>
</arguments>
<msg timestamp="20200402 20:08:39.330" level="INFO">Clicking link 'xpath=(//div[contains(@class,'s-result-list')]/div//h2/a)[1]'.</msg>
<status status="PASS" starttime="20200402 20:08:39.329" endtime="20200402 20:08:43.894"></status>
</kw>
<status status="PASS" starttime="20200402 20:08:39.328" endtime="20200402 20:08:43.895"></status>
</kw>
<kw name="Verify Page Landed" library="Product">
<kw name="Wait Until Page Contains" library="SeleniumLibrary">
<doc>Waits until ``text`` appears on the current page.</doc>
<arguments>
<arg>Back to results</arg>
</arguments>
<status status="PASS" starttime="20200402 20:08:43.896" endtime="20200402 20:08:43.960"></status>
</kw>
<status status="PASS" starttime="20200402 20:08:43.895" endtime="20200402 20:08:43.960"></status>
</kw>
<status status="PASS" starttime="20200402 20:08:39.328" endtime="20200402 20:08:43.960"></status>
</kw>
<kw name="Add Product to Cart" library="Amazon">
<kw name="Add to Cart" library="Product">
<kw name="Click Button" library="SeleniumLibrary">
<doc>Clicks the button identified by ``locator``.</doc>
<arguments>
<arg>id=add-to-cart-button-ubb</arg>
</arguments>
<msg timestamp="20200402 20:08:43.963" level="INFO">Clicking button 'id=add-to-cart-button-ubb'.</msg>
<status status="PASS" starttime="20200402 20:08:43.963" endtime="20200402 20:08:45.862"></status>
</kw>
<status status="PASS" starttime="20200402 20:08:43.962" endtime="20200402 20:08:45.862"></status>
</kw>
<kw name="Verify Product Added" library="Cart">
<kw name="Wait Until Page Contains" library="SeleniumLibrary">
<doc>Waits until ``text`` appears on the current page.</doc>
<arguments>
<arg>Added to Cart</arg>
</arguments>
<status status="PASS" starttime="20200402 20:08:45.863" endtime="20200402 20:08:45.965"></status>
</kw>
<kw name="Click Link" library="SeleniumLibrary">
<doc>Clicks a link identified by ``locator``.</doc>
<arguments>
<arg>xpath=(//a[@role='button'][contains(text(), 'Cart')])[1]</arg>
</arguments>
<msg timestamp="20200402 20:08:45.966" level="INFO">Clicking link 'xpath=(//a[@role='button'][contains(text(), 'Cart')])[1]'.</msg>
<status status="PASS" starttime="20200402 20:08:45.965" endtime="20200402 20:08:47.545"></status>
</kw>
<kw name="Sleep" library="BuiltIn">
<doc>Pauses the test executed for the given time.</doc>
<arguments>
<arg>3s</arg>
</arguments>
<msg timestamp="20200402 20:08:50.547" level="INFO">Slept 3 seconds</msg>
<status status="PASS" starttime="20200402 20:08:47.546" endtime="20200402 20:08:50.547"></status>
</kw>
<status status="PASS" starttime="20200402 20:08:45.863" endtime="20200402 20:08:50.548"></status>
</kw>
<status status="PASS" starttime="20200402 20:08:43.961" endtime="20200402 20:08:50.548"></status>
</kw>
<kw name="Begin Checkout" library="Amazon">
<kw name="Proceed to Checkout" library="Cart">
<kw name="Click Button" library="SeleniumLibrary">
<doc>Clicks the button identified by ``locator``.</doc>
<arguments>
<arg>//input[@value="Proceed to checkout"]</arg>
</arguments>
<msg timestamp="20200402 20:08:50.551" level="INFO">Clicking button '//input[@value="Proceed to checkout"]'.</msg>
<status status="PASS" starttime="20200402 20:08:50.551" endtime="20200402 20:08:52.062"></status>
</kw>
<status status="PASS" starttime="20200402 20:08:50.550" endtime="20200402 20:08:52.062"></status>
</kw>
<kw name="Verify Page Loaded" library="SignIn">
<kw name="Page Should Contain Element" library="SeleniumLibrary">
<doc>Verifies that element ``locator`` is found on the current page.</doc>
<arguments>
<arg>css=h1.a-spacing-small</arg>
</arguments>
<msg timestamp="20200402 20:08:52.162" level="INFO">Current page contains element 'css=h1.a-spacing-small'.</msg>
<status status="PASS" starttime="20200402 20:08:52.064" endtime="20200402 20:08:52.162"></status>
</kw>
<kw name="Element Text Should Be" library="SeleniumLibrary">
<doc>Verifies that element ``locator`` contains exact the text ``expected``.</doc>
<arguments>
<arg>css=h1.a-spacing-small</arg>
<arg>Sign-In</arg>
</arguments>
<msg timestamp="20200402 20:08:52.163" level="INFO">Verifying element 'css=h1.a-spacing-small' contains exact text 'Sign-In'.</msg>
<status status="PASS" starttime="20200402 20:08:52.163" endtime="20200402 20:08:52.195"></status>
</kw>
<status status="PASS" starttime="20200402 20:08:52.063" endtime="20200402 20:08:52.195"></status>
</kw>
<status status="PASS" starttime="20200402 20:08:50.549" endtime="20200402 20:08:52.196"></status>
</kw>
<kw name="End Web Test" library="Common" type="teardown">
<kw name="Close Browser" library="SeleniumLibrary">
<doc>Closes the current browser.</doc>
<status status="PASS" starttime="20200402 20:08:52.197" endtime="20200402 20:09:04.234"></status>
</kw>
<status status="PASS" starttime="20200402 20:08:52.197" endtime="20200402 20:09:04.234"></status>
</kw>
<tags>
<tag>Smoke</tag>
</tags>
<status status="PASS" starttime="20200402 20:08:25.627" endtime="20200402 20:09:04.235" critical="yes"></status>
</test>
<kw name="Cleanup Suite" library="Common" type="teardown">
<kw name="Log" library="BuiltIn">
<doc>Logs the given message with the given level.</doc>
<arguments>
<arg>Running Suite Cleanup</arg>
</arguments>
<msg timestamp="20200402 20:09:04.238" level="INFO">Running Suite Cleanup</msg>
<status status="PASS" starttime="20200402 20:09:04.238" endtime="20200402 20:09:04.238"></status>
</kw>
<status status="PASS" starttime="20200402 20:09:04.237" endtime="20200402 20:09:04.238"></status>
</kw>
<doc>Present some information about this test suite</doc>
<status status="PASS" starttime="20200402 20:08:08.984" endtime="20200402 20:09:04.238"></status>
</suite>
<statistics>
<total>
<stat pass="2" fail="0">Critical Tests</stat>
<stat pass="2" fail="0">All Tests</stat>
</total>
<tag>
<stat pass="2" fail="0">Smoke</stat>
</tag>
<suite>
<stat pass="2" fail="0" id="s1" name="Amazontest">Amazontest</stat>
</suite>
</statistics>
<errors>
</errors>
</robot>
