<?xml version="1.0" encoding="UTF-8"?>
<robot generator="Robot 3.1.2 (Python 3.8.2 on win32)" generated="20200403 11:27:28.610" rpa="false">
<suite id="s1" name="Api.Test" source="D:\Learning\RobotFramework\Projects\RobotFrameworkEssentials\tests\API\api.test.robot">
<test id="s1-t1" name="Make a simple REST API Call">
<kw name="Check Github Username" library="api">
<kw name="Create Session" library="RequestsLibrary">
<doc>Create Session: create a HTTP session to a server</doc>
<arguments>
<arg>my_github_session</arg>
<arg>https://api.github.com</arg>
</arguments>
<msg timestamp="20200403 11:27:28.807" level="INFO">Creating Session using : alias=my_github_session, url=https://api.github.com, headers={},                     cookies={}, auth=None, timeout=None, proxies=None, verify=False,                     debug=0 </msg>
<status status="PASS" starttime="20200403 11:27:28.807" endtime="20200403 11:27:28.808"></status>
</kw>
<kw name="Get Request" library="RequestsLibrary">
<doc>Send a GET request on the session object found using the
given `alias`</doc>
<arguments>
<arg>my_github_session</arg>
<arg>users/shiyamtj</arg>
</arguments>
<assign>
<var>${response}</var>
</assign>
<msg timestamp="20200403 11:27:28.808" level="INFO">GET Request using : uri=users/shiyamtj, params=None, allow_redirects=True, timeout=None
headers={'User-Agent': 'python-requests/2.23.0', 'Accept-Encoding': 'gzip, deflate', 'Accept': '*/*', 'Connection': 'keep-alive'} 
data=None 
json=None</msg>
<msg timestamp="20200403 11:27:29.261" level="INFO">d:\tools\python\lib\site-packages\urllib3\connectionpool.py:997: InsecureRequestWarning: Unverified HTTPS request is being made to host 'api.github.com'. Adding certificate verification is strongly advised. See: https://urllib3.readthedocs.io/en/latest/advanced-usage.html#ssl-warnings
  warnings.warn(</msg>
<msg timestamp="20200403 11:27:29.262" level="INFO">${response} = &lt;Response [200]&gt;</msg>
<status status="PASS" starttime="20200403 11:27:28.808" endtime="20200403 11:27:29.262"></status>
</kw>
<kw name="Should Be Equal As Strings" library="BuiltIn">
<doc>Fails if objects are unequal after converting them to strings.</doc>
<arguments>
<arg>${response.status_code}</arg>
<arg>200</arg>
</arguments>
<msg timestamp="20200403 11:27:29.263" level="INFO">Argument types are:
&lt;class 'int'&gt;
&lt;type 'unicode'&gt;</msg>
<status status="PASS" starttime="20200403 11:27:29.262" endtime="20200403 11:27:29.263"></status>
</kw>
<kw name="Set Variable" library="BuiltIn">
<doc>Returns the given values which can then be assigned to a variables.</doc>
<arguments>
<arg>${response.json()}</arg>
</arguments>
<assign>
<var>${json}</var>
</assign>
<msg timestamp="20200403 11:27:29.263" level="INFO">${json} = {'login': 'shiyamtj', 'id': 3245424, 'node_id': 'MDQ6VXNlcjMyNDU0MjQ=', 'avatar_url': 'https://avatars3.githubusercontent.com/u/3245424?v=4', 'gravatar_id': '', 'url': 'https://api.github.com/users/sh...</msg>
<status status="PASS" starttime="20200403 11:27:29.263" endtime="20200403 11:27:29.263"></status>
</kw>
<kw name="Should Be Equal As Strings" library="BuiltIn">
<doc>Fails if objects are unequal after converting them to strings.</doc>
<arguments>
<arg>${json['login']}</arg>
<arg>shiyamtj</arg>
</arguments>
<status status="PASS" starttime="20200403 11:27:29.263" endtime="20200403 11:27:29.264"></status>
</kw>
<kw name="Log" library="BuiltIn">
<doc>Logs the given message with the given level.</doc>
<arguments>
<arg>${json}</arg>
</arguments>
<msg timestamp="20200403 11:27:29.264" level="INFO">{'login': 'shiyamtj', 'id': 3245424, 'node_id': 'MDQ6VXNlcjMyNDU0MjQ=', 'avatar_url': 'https://avatars3.githubusercontent.com/u/3245424?v=4', 'gravatar_id': '', 'url': 'https://api.github.com/users/shiyamtj', 'html_url': 'https://github.com/shiyamtj', 'followers_url': 'https://api.github.com/users/shiyamtj/followers', 'following_url': 'https://api.github.com/users/shiyamtj/following{/other_user}', 'gists_url': 'https://api.github.com/users/shiyamtj/gists{/gist_id}', 'starred_url': 'https://api.github.com/users/shiyamtj/starred{/owner}{/repo}', 'subscriptions_url': 'https://api.github.com/users/shiyamtj/subscriptions', 'organizations_url': 'https://api.github.com/users/shiyamtj/orgs', 'repos_url': 'https://api.github.com/users/shiyamtj/repos', 'events_url': 'https://api.github.com/users/shiyamtj/events{/privacy}', 'received_events_url': 'https://api.github.com/users/shiyamtj/received_events', 'type': 'User', 'site_admin': False, 'name': 'T Shiyam Jannan', 'company': 'Freelancer', 'blog': 'https://shiyamtj.wordpress.com/', 'location': 'Colombo', 'email': None, 'hireable': True, 'bio': None, 'public_repos': 19, 'public_gists': 0, 'followers': 0, 'following': 0, 'created_at': '2013-01-11T15:20:52Z', 'updated_at': '2020-04-02T09:53:30Z'}</msg>
<status status="PASS" starttime="20200403 11:27:29.264" endtime="20200403 11:27:29.264"></status>
</kw>
<status status="PASS" starttime="20200403 11:27:28.807" endtime="20200403 11:27:29.264"></status>
</kw>
<tags>
<tag>API</tag>
</tags>
<status status="PASS" starttime="20200403 11:27:28.807" endtime="20200403 11:27:29.264" critical="yes"></status>
</test>
<test id="s1-t2" name="Display emoji from Github">
<kw name="Display Emoji" library="api">
<kw name="Create Session" library="RequestsLibrary">
<doc>Create Session: create a HTTP session to a server</doc>
<arguments>
<arg>my_github_session</arg>
<arg>https://api.github.com</arg>
</arguments>
<msg timestamp="20200403 11:27:29.267" level="INFO">Creating Session using : alias=my_github_session, url=https://api.github.com, headers={},                     cookies={}, auth=None, timeout=None, proxies=None, verify=False,                     debug=0 </msg>
<status status="PASS" starttime="20200403 11:27:29.266" endtime="20200403 11:27:29.267"></status>
</kw>
<kw name="Get Request" library="RequestsLibrary">
<doc>Send a GET request on the session object found using the
given `alias`</doc>
<arguments>
<arg>my_github_session</arg>
<arg>emojis</arg>
</arguments>
<assign>
<var>${response}</var>
</assign>
<msg timestamp="20200403 11:27:29.267" level="INFO">GET Request using : uri=emojis, params=None, allow_redirects=True, timeout=None
headers={'User-Agent': 'python-requests/2.23.0', 'Accept-Encoding': 'gzip, deflate', 'Accept': '*/*', 'Connection': 'keep-alive'} 
data=None 
json=None</msg>
<msg timestamp="20200403 11:27:29.832" level="INFO">d:\tools\python\lib\site-packages\urllib3\connectionpool.py:997: InsecureRequestWarning: Unverified HTTPS request is being made to host 'api.github.com'. Adding certificate verification is strongly advised. See: https://urllib3.readthedocs.io/en/latest/advanced-usage.html#ssl-warnings
  warnings.warn(</msg>
<msg timestamp="20200403 11:27:29.832" level="INFO">${response} = &lt;Response [200]&gt;</msg>
<status status="PASS" starttime="20200403 11:27:29.267" endtime="20200403 11:27:29.832"></status>
</kw>
<kw name="Should Be Equal As Strings" library="BuiltIn">
<doc>Fails if objects are unequal after converting them to strings.</doc>
<arguments>
<arg>${response.status_code}</arg>
<arg>200</arg>
</arguments>
<msg timestamp="20200403 11:27:29.833" level="INFO">Argument types are:
&lt;class 'int'&gt;
&lt;type 'unicode'&gt;</msg>
<status status="PASS" starttime="20200403 11:27:29.833" endtime="20200403 11:27:29.833"></status>
</kw>
<kw name="Set Variable" library="BuiltIn">
<doc>Returns the given values which can then be assigned to a variables.</doc>
<arguments>
<arg>${response.json()}</arg>
</arguments>
<assign>
<var>${json}</var>
</assign>
<msg timestamp="20200403 11:27:29.835" level="INFO">${json} = {'+1': 'https://github.githubassets.com/images/icons/emoji/unicode/1f44d.png?v8', '-1': 'https://github.githubassets.com/images/icons/emoji/unicode/1f44e.png?v8', '100': 'https://github.githubassets.c...</msg>
<status status="PASS" starttime="20200403 11:27:29.833" endtime="20200403 11:27:29.835"></status>
</kw>
<kw name="Set Variable" library="BuiltIn">
<doc>Returns the given values which can then be assigned to a variables.</doc>
<arguments>
<arg>${json['aerial_tramway']}</arg>
</arguments>
<assign>
<var>${emoji_url}</var>
</assign>
<msg timestamp="20200403 11:27:29.835" level="INFO">${emoji_url} = https://github.githubassets.com/images/icons/emoji/unicode/1f6a1.png?v8</msg>
<status status="PASS" starttime="20200403 11:27:29.835" endtime="20200403 11:27:29.835"></status>
</kw>
<kw name="Open Browser" library="SeleniumLibrary">
<doc>Opens a new browser instance to the optional ``url``.</doc>
<arguments>
<arg>${emoji_url}</arg>
<arg>chrome</arg>
</arguments>
<msg timestamp="20200403 11:27:29.835" level="INFO">Opening browser 'chrome' to base url 'https://github.githubassets.com/images/icons/emoji/unicode/1f6a1.png?v8'.</msg>
<status status="PASS" starttime="20200403 11:27:29.835" endtime="20200403 11:27:31.934"></status>
</kw>
<kw name="Close Browser" library="SeleniumLibrary">
<doc>Closes the current browser.</doc>
<status status="PASS" starttime="20200403 11:27:31.934" endtime="20200403 11:27:34.058"></status>
</kw>
<status status="PASS" starttime="20200403 11:27:29.266" endtime="20200403 11:27:34.058"></status>
</kw>
<tags>
<tag>API</tag>
</tags>
<status status="PASS" starttime="20200403 11:27:29.266" endtime="20200403 11:27:34.059" critical="yes"></status>
</test>
<status status="PASS" starttime="20200403 11:27:28.612" endtime="20200403 11:27:34.061"></status>
</suite>
<statistics>
<total>
<stat pass="2" fail="0">Critical Tests</stat>
<stat pass="2" fail="0">All Tests</stat>
</total>
<tag>
<stat pass="2" fail="0">API</stat>
</tag>
<suite>
<stat pass="2" fail="0" id="s1" name="Api.Test">Api.Test</stat>
</suite>
</statistics>
<errors>
</errors>
</robot>
